<?xml version="1.0" encoding="UTF-8"?>
<testsuite name="com.nacaracubae.studyhaja.model.HelloResponseDtoTest" tests="1" skipped="0" failures="0" errors="0" timestamp="2022-02-12T12:04:07" hostname="Alexioui-MacBookAir.local" time="0.028">
  <properties/>
  <testcase name="롬복_기능_테스트()" classname="com.nacaracubae.studyhaja.model.HelloResponseDtoTest" time="0.028"/>
  <system-out><![CDATA[]]></system-out>
  <system-err><![CDATA[]]></system-err>
</testsuite>
